<?xml version="1.0" encoding="UTF-8"?>
<testsuite xmlns:xsi="http://www.w3.org/2001/XMLSchema-instance" xsi:noNamespaceSchemaLocation="https://maven.apache.org/surefire/maven-surefire-plugin/xsd/surefire-test-report-3.0.xsd" version="3.0" name="runner_Execution.Exceution" time="257.587" tests="8" errors="0" skipped="0" failures="0">
  <properties>
[...]
</properties>
  <testcase name="testCase3" classname="runner_Execution.Exceution" time="2.864">
    <system-out><![CDATA[This will execute first before the Test Suite
This will execute second before the Test and after the before test suite
This will execute third before the Class and after the befortest
This will execute foruth before every Method and after the before class
This is a Normal Test Case2
The Admin Login Page has login and the landing page of KNRUHS is displayed
testCaseName: null
]]></system-out>
    <system-err><![CDATA[[main] INFO io.github.bonigarcia.wdm.WebDriverManager - Using geckodriver 0.35.0 (resolved driver for Firefox 134)
[main] INFO io.github.bonigarcia.wdm.WebDriverManager - Exporting webdriver.gecko.driver as C:\Users\User\.cache\selenium\geckodriver\win64\0.35.0\geckodriver.exe
]]></system-err>
  </testcase>
  <testcase name="testCase4[105, Nov-24, MDS NEW, 2018, PART-II, Regular, MDS NEW](1)" classname="runner_Execution.Exceution" time="41.03">
    <system-out><![CDATA[This will execute after every Method
This will execute foruth before every Method and after the before class
Starting testCase4 execution for the following clg code: 105
Handling parameters:
Exam Date: Nov-24
Award Name: MDS NEW
Regulation: 2018
ExamType:: Regular
Semester: PART-II
PDF opened successfully: file:///C:/Users/User/Downloads/Document-1.pdf
=========================
Pattern matched: Three patterns detected.
Total Pages: 42
---------------------------------------------------
Page 1:
---------------------------------------------------
Registration No: 21200105001

=== Paper and Total Max/Min Marks ===
Paper I Max Marks: 100
Paper II Max Marks: 100
Paper III Max Marks: 100
Theory Max Marks: 300, Min Marks: 150
Practical Max Marks: 300, Min Marks: 150
Grand Total Max Marks 600, Min Marks: 300

=== Marks and Results ===
Paper I: 62.0
Paper II: 63.0
Paper III: 67.0
Theory Max Mark:300.0
Theory Min Mark:150.0
Theory Total: 192.0
==============
Practical Max Mark:300.0
Pratical Min Mark:150.0
Practical Total: 180.0
===============
Grand Total Max Mark:600.0
Grand Total Min Mark:300.0
Grand Total: 372.0
Result: Pass
---------------------------------------------------
Page 2:
---------------------------------------------------
Registration No: 21200105002

=== Paper and Total Max/Min Marks ===
Paper I Max Marks: 100
Paper II Max Marks: 100
Paper III Max Marks: 100
Theory Max Marks: 300, Min Marks: 150
Practical Max Marks: 300, Min Marks: 150
Grand Total Max Marks 600, Min Marks: 300

=== Marks and Results ===
Paper I: 59.0
Paper II: 59.0
Paper III: 56.0
Theory Max Mark:300.0
Theory Min Mark:150.0
Theory Total: 174.0
==============
Practical Max Mark:300.0
Pratical Min Mark:150.0
Practical Total: 254.0
===============
Grand Total Max Mark:600.0
Grand Total Min Mark:300.0
Grand Total: 428.0
Result: Pass
---------------------------------------------------
Page 3:
---------------------------------------------------
Registration No: 21200105003

=== Paper and Total Max/Min Marks ===
Paper I Max Marks: 100
Paper II Max Marks: 100
Paper III Max Marks: 100
Theory Max Marks: 300, Min Marks: 150
Practical Max Marks: 300, Min Marks: 150
Grand Total Max Marks 600, Min Marks: 300

=== Marks and Results ===
Paper I: 60.0
Paper II: 65.0
Paper III: 66.0
Theory Max Mark:300.0
Theory Min Mark:150.0
Theory Total: 191.0
==============
Practical Max Mark:300.0
Pratical Min Mark:150.0
Practical Total: 244.0
===============
Grand Total Max Mark:600.0
Grand Total Min Mark:300.0
Grand Total: 435.0
Result: Pass
---------------------------------------------------
Page 4:
---------------------------------------------------
Registration No: 21200105004

=== Paper and Total Max/Min Marks ===
Paper I Max Marks: 100
Paper II Max Marks: 100
Paper III Max Marks: 100
Theory Max Marks: 300, Min Marks: 150
Practical Max Marks: 300, Min Marks: 150
Grand Total Max Marks 600, Min Marks: 300

=== Marks and Results ===
Paper I: 59.0
Paper II: 67.0
Paper III: 68.0
Theory Max Mark:300.0
Theory Min Mark:150.0
Theory Total: 194.0
==============
Practical Max Mark:300.0
Pratical Min Mark:150.0
Practical Total: 210.0
===============
Grand Total Max Mark:600.0
Grand Total Min Mark:300.0
Grand Total: 404.0
Result: Pass
---------------------------------------------------
Page 5:
---------------------------------------------------
Registration No: 21200105005

=== Paper and Total Max/Min Marks ===
Paper I Max Marks: 100
Paper II Max Marks: 100
Paper III Max Marks: 100
Theory Max Marks: 300, Min Marks: 150
Practical Max Marks: 300, Min Marks: 150
Grand Total Max Marks 600, Min Marks: 300

=== Marks and Results ===
Paper I: 62.0
Paper II: 65.0
Paper III: 64.0
Theory Max Mark:300.0
Theory Min Mark:150.0
Theory Total: 191.0
==============
Practical Max Mark:300.0
Pratical Min Mark:150.0
Practical Total: 244.0
===============
Grand Total Max Mark:600.0
Grand Total Min Mark:300.0
Grand Total: 435.0
Result: Pass
---------------------------------------------------
Page 6:
---------------------------------------------------
Registration No: 21201105001

=== Paper and Total Max/Min Marks ===
Paper I Max Marks: 100
Paper II Max Marks: 100
Paper III Max Marks: 100
Theory Max Marks: 300, Min Marks: 150
Practical Max Marks: 300, Min Marks: 150
Grand Total Max Marks 600, Min Marks: 300

=== Marks and Results ===
Paper I: 49.0
Paper II: 63.0
Paper III: 60.0
Theory Max Mark:300.0
Theory Min Mark:150.0
Theory Total: 172.0
==============
Practical Max Mark:300.0
Pratical Min Mark:150.0
Practical Total: 248.0
===============
Grand Total Max Mark:600.0
Grand Total Min Mark:300.0
Grand Total: 420.0
Result: Pass
---------------------------------------------------
Page 7:
---------------------------------------------------
Registration No: 21201105002

=== Paper and Total Max/Min Marks ===
Paper I Max Marks: 100
Paper II Max Marks: 100
Paper III Max Marks: 100
Theory Max Marks: 300, Min Marks: 150
Practical Max Marks: 300, Min Marks: 150
Grand Total Max Marks 600, Min Marks: 300

=== Marks and Results ===
Paper I: 52.0
Paper II: 53.0
Paper III: 59.0
Theory Max Mark:300.0
Theory Min Mark:150.0
Theory Total: 164.0
==============
Practical Max Mark:300.0
Pratical Min Mark:150.0
Practical Total: 239.0
===============
Grand Total Max Mark:600.0
Grand Total Min Mark:300.0
Grand Total: 403.0
Result: Pass
---------------------------------------------------
Page 8:
---------------------------------------------------
Registration No: 21201105003

=== Paper and Total Max/Min Marks ===
Paper I Max Marks: 100
Paper II Max Marks: 100
Paper III Max Marks: 100
Theory Max Marks: 300, Min Marks: 150
Practical Max Marks: 300, Min Marks: 150
Grand Total Max Marks 600, Min Marks: 300

=== Marks and Results ===
Paper I: 52.0
Paper II: 58.0
Paper III: 62.0
Theory Max Mark:300.0
Theory Min Mark:150.0
Theory Total: 172.0
==============
Practical Max Mark:300.0
Pratical Min Mark:150.0
Practical Total: 250.0
===============
Grand Total Max Mark:600.0
Grand Total Min Mark:300.0
Grand Total: 422.0
Result: Pass
---------------------------------------------------
Page 9:
---------------------------------------------------
Registration No: 21201105004

=== Paper and Total Max/Min Marks ===
Paper I Max Marks: 100
Paper II Max Marks: 100
Paper III Max Marks: 100
Theory Max Marks: 300, Min Marks: 150
Practical Max Marks: 300, Min Marks: 150
Grand Total Max Marks 600, Min Marks: 300

=== Marks and Results ===
Paper I: 52.0
Paper II: 52.0
Paper III: 55.0
Theory Max Mark:300.0
Theory Min Mark:150.0
Theory Total: 159.0
==============
Practical Max Mark:300.0
Pratical Min Mark:150.0
Practical Total: 243.0
===============
Grand Total Max Mark:600.0
Grand Total Min Mark:300.0
Grand Total: 402.0
Result: Pass
---------------------------------------------------
Page 10:
---------------------------------------------------
Registration No: 21201105005

=== Paper and Total Max/Min Marks ===
Paper I Max Marks: 100
Paper II Max Marks: 100
Paper III Max Marks: 100
Theory Max Marks: 300, Min Marks: 150
Practical Max Marks: 300, Min Marks: 150
Grand Total Max Marks 600, Min Marks: 300

=== Marks and Results ===
Paper I: 52.0
Paper II: 55.0
Paper III: 58.0
Theory Max Mark:300.0
Theory Min Mark:150.0
Theory Total: 165.0
==============
Practical Max Mark:300.0
Pratical Min Mark:150.0
Practical Total: 260.0
===============
Grand Total Max Mark:600.0
Grand Total Min Mark:300.0
Grand Total: 425.0
Result: Pass
---------------------------------------------------
Page 11:
---------------------------------------------------
Registration No: 21202105001

=== Paper and Total Max/Min Marks ===
Paper I Max Marks: 100
Paper II Max Marks: 100
Paper III Max Marks: 100
Theory Max Marks: 300, Min Marks: 150
Practical Max Marks: 300, Min Marks: 150
Grand Total Max Marks 600, Min Marks: 300

=== Marks and Results ===
Paper I: 61.0
Paper II: 61.0
Paper III: 64.0
Theory Max Mark:300.0
Theory Min Mark:150.0
Theory Total: 186.0
==============
Practical Max Mark:300.0
Pratical Min Mark:150.0
Practical Total: 245.0
===============
Grand Total Max Mark:600.0
Grand Total Min Mark:300.0
Grand Total: 431.0
Result: Pass
---------------------------------------------------
Page 12:
---------------------------------------------------
Registration No: 21202105002

=== Paper and Total Max/Min Marks ===
Paper I Max Marks: 100
Paper II Max Marks: 100
Paper III Max Marks: 100
Theory Max Marks: 300, Min Marks: 150
Practical Max Marks: 300, Min Marks: 150
Grand Total Max Marks 600, Min Marks: 300

=== Marks and Results ===
Paper I: 52.0
Paper II: 54.0
Paper III: 65.0
Theory Max Mark:300.0
Theory Min Mark:150.0
Theory Total: 171.0
==============
Practical Max Mark:300.0
Pratical Min Mark:150.0
Practical Total: 220.0
===============
Grand Total Max Mark:600.0
Grand Total Min Mark:300.0
Grand Total: 391.0
Result: Pass
---------------------------------------------------
Page 13:
---------------------------------------------------
Registration No: 21202105003

=== Paper and Total Max/Min Marks ===
Paper I Max Marks: 100
Paper II Max Marks: 100
Paper III Max Marks: 100
Theory Max Marks: 300, Min Marks: 150
Practical Max Marks: 300, Min Marks: 150
Grand Total Max Marks 600, Min Marks: 300

=== Marks and Results ===
Paper I: 57.0
Paper II: 61.0
Paper III: 62.0
Theory Max Mark:300.0
Theory Min Mark:150.0
Theory Total: 180.0
==============
Practical Max Mark:300.0
Pratical Min Mark:150.0
Practical Total: 215.0
===============
Grand Total Max Mark:600.0
Grand Total Min Mark:300.0
Grand Total: 395.0
Result: Pass
---------------------------------------------------
Page 14:
---------------------------------------------------
Registration No: 21202105004

=== Paper and Total Max/Min Marks ===
Paper I Max Marks: 100
Paper II Max Marks: 100
Paper III Max Marks: 100
Theory Max Marks: 300, Min Marks: 150
Practical Max Marks: 300, Min Marks: 150
Grand Total Max Marks 600, Min Marks: 300

=== Marks and Results ===
Paper I: 66.0
Paper II: 62.0
Paper III: 65.0
Theory Max Mark:300.0
Theory Min Mark:150.0
Theory Total: 193.0
==============
Practical Max Mark:300.0
Pratical Min Mark:150.0
Practical Total: 230.0
===============
Grand Total Max Mark:600.0
Grand Total Min Mark:300.0
Grand Total: 423.0
Result: Pass
---------------------------------------------------
Page 15:
---------------------------------------------------
Registration No: 21202105005

=== Paper and Total Max/Min Marks ===
Paper I Max Marks: 100
Paper II Max Marks: 100
Paper III Max Marks: 100
Theory Max Marks: 300, Min Marks: 150
Practical Max Marks: 300, Min Marks: 150
Grand Total Max Marks 600, Min Marks: 300

=== Marks and Results ===
Paper I: 54.0
Paper II: 58.0
Paper III: 62.0
Theory Max Mark:300.0
Theory Min Mark:150.0
Theory Total: 174.0
==============
Practical Max Mark:300.0
Pratical Min Mark:150.0
Practical Total: 200.0
===============
Grand Total Max Mark:600.0
Grand Total Min Mark:300.0
Grand Total: 374.0
Result: Pass
---------------------------------------------------
Page 16:
---------------------------------------------------
Registration No: 21203105001

=== Paper and Total Max/Min Marks ===
Paper I Max Marks: 100
Paper II Max Marks: 100
Paper III Max Marks: 100
Theory Max Marks: 300, Min Marks: 150
Practical Max Marks: 300, Min Marks: 150
Grand Total Max Marks 600, Min Marks: 300

=== Marks and Results ===
Paper I: 59.0
Paper II: 57.0
Paper III: 54.0
Theory Max Mark:300.0
Theory Min Mark:150.0
Theory Total: 170.0
==============
Practical Max Mark:300.0
Pratical Min Mark:150.0
Practical Total: 201.0
===============
Grand Total Max Mark:600.0
Grand Total Min Mark:300.0
Grand Total: 371.0
Result: Pass
---------------------------------------------------
Page 17:
---------------------------------------------------
Registration No: 21203105002

=== Paper and Total Max/Min Marks ===
Paper I Max Marks: 100
Paper II Max Marks: 100
Paper III Max Marks: 100
Theory Max Marks: 300, Min Marks: 150
Practical Max Marks: 300, Min Marks: 150
Grand Total Max Marks 600, Min Marks: 300

=== Marks and Results ===
Paper I: 53.0
Paper II: 50.0
Paper III: 61.0
Theory Max Mark:300.0
Theory Min Mark:150.0
Theory Total: 164.0
==============
Practical Max Mark:300.0
Pratical Min Mark:150.0
Practical Total: 213.0
===============
Grand Total Max Mark:600.0
Grand Total Min Mark:300.0
Grand Total: 377.0
Result: Pass
---------------------------------------------------
Page 18:
---------------------------------------------------
Registration No: 21203105003

=== Paper and Total Max/Min Marks ===
Paper I Max Marks: 100
Paper II Max Marks: 100
Paper III Max Marks: 100
Theory Max Marks: 300, Min Marks: 150
Practical Max Marks: 300, Min Marks: 150
Grand Total Max Marks 600, Min Marks: 300

=== Marks and Results ===
Paper I: 57.0
Paper II: 55.0
Paper III: 56.0
Theory Max Mark:300.0
Theory Min Mark:150.0
Theory Total: 168.0
==============
Practical Max Mark:300.0
Pratical Min Mark:150.0
Practical Total: 244.0
===============
Grand Total Max Mark:600.0
Grand Total Min Mark:300.0
Grand Total: 412.0
Result: Pass
---------------------------------------------------
Page 19:
---------------------------------------------------
Registration No: 21203105004

=== Paper and Total Max/Min Marks ===
Paper I Max Marks: 100
Paper II Max Marks: 100
Paper III Max Marks: 100
Theory Max Marks: 300, Min Marks: 150
Practical Max Marks: 300, Min Marks: 150
Grand Total Max Marks 600, Min Marks: 300

=== Marks and Results ===
Paper I: 47.0
Paper II: 55.0
Paper III: 53.0
Theory Max Mark:300.0
Theory Min Mark:150.0
Theory Total: 155.0
==============
Practical Max Mark:300.0
Pratical Min Mark:150.0
Practical Total: 180.0
===============
Grand Total Max Mark:600.0
Grand Total Min Mark:300.0
Grand Total: 335.0
Result: Pass
---------------------------------------------------
Page 20:
---------------------------------------------------
Registration No: 21203105005

=== Paper and Total Max/Min Marks ===
Paper I Max Marks: 100
Paper II Max Marks: 100
Paper III Max Marks: 100
Theory Max Marks: 300, Min Marks: 150
Practical Max Marks: 300, Min Marks: 150
Grand Total Max Marks 600, Min Marks: 300

=== Marks and Results ===
Paper I: 53.0
Paper II: 58.0
Paper III: 55.0
Theory Max Mark:300.0
Theory Min Mark:150.0
Theory Total: 166.0
==============
Practical Max Mark:300.0
Pratical Min Mark:150.0
Practical Total: 203.0
===============
Grand Total Max Mark:600.0
Grand Total Min Mark:300.0
Grand Total: 369.0
Result: Pass
---------------------------------------------------
Page 21:
---------------------------------------------------
Registration No: 21204105001

=== Paper and Total Max/Min Marks ===
Paper I Max Marks: 100
Paper II Max Marks: 100
Paper III Max Marks: 100
Theory Max Marks: 300, Min Marks: 150
Practical Max Marks: 300, Min Marks: 150
Grand Total Max Marks 600, Min Marks: 300

=== Marks and Results ===
Paper I: 52.0
Paper II: 50.0
Paper III: 50.0
Theory Max Mark:300.0
Theory Min Mark:150.0
Theory Total: 152.0
==============
Practical Max Mark:300.0
Pratical Min Mark:150.0
Practical Total: 243.0
===============
Grand Total Max Mark:600.0
Grand Total Min Mark:300.0
Grand Total: 395.0
Result: Pass
---------------------------------------------------
Page 22:
---------------------------------------------------
Registration No: 21204105002

=== Paper and Total Max/Min Marks ===
Paper I Max Marks: 100
Paper II Max Marks: 100
Paper III Max Marks: 100
Theory Max Marks: 300, Min Marks: 150
Practical Max Marks: 300, Min Marks: 150
Grand Total Max Marks 600, Min Marks: 300

=== Marks and Results ===
Paper I: 64.0
Paper II: 68.0
Paper III: 64.0
Theory Max Mark:300.0
Theory Min Mark:150.0
Theory Total: 196.0
==============
Practical Max Mark:300.0
Pratical Min Mark:150.0
Practical Total: 266.0
===============
Grand Total Max Mark:600.0
Grand Total Min Mark:300.0
Grand Total: 462.0
Result: Pass
---------------------------------------------------
Page 23:
---------------------------------------------------
Registration No: 21204105003

=== Paper and Total Max/Min Marks ===
Paper I Max Marks: 100
Paper II Max Marks: 100
Paper III Max Marks: 100
Theory Max Marks: 300, Min Marks: 150
Practical Max Marks: 300, Min Marks: 150
Grand Total Max Marks 600, Min Marks: 300

=== Marks and Results ===
Paper I: 53.0
Paper II: 52.0
Paper III: 50.0
Theory Max Mark:300.0
Theory Min Mark:150.0
Theory Total: 155.0
==============
Practical Max Mark:300.0
Pratical Min Mark:150.0
Practical Total: 198.0
===============
Grand Total Max Mark:600.0
Grand Total Min Mark:300.0
Grand Total: 353.0
Result: Pass
---------------------------------------------------
Page 24:
---------------------------------------------------
Registration No: 21204105004

=== Paper and Total Max/Min Marks ===
Paper I Max Marks: 100
Paper II Max Marks: 100
Paper III Max Marks: 100
Theory Max Marks: 300, Min Marks: 150
Practical Max Marks: 300, Min Marks: 150
Grand Total Max Marks 600, Min Marks: 300

=== Marks and Results ===
Paper I: 60.0
Paper II: 55.0
Paper III: 54.0
Theory Max Mark:300.0
Theory Min Mark:150.0
Theory Total: 169.0
==============
Practical Max Mark:300.0
Pratical Min Mark:150.0
Practical Total: 237.0
===============
Grand Total Max Mark:600.0
Grand Total Min Mark:300.0
Grand Total: 406.0
Result: Pass
---------------------------------------------------
Page 25:
---------------------------------------------------
Registration No: 21204105005

=== Paper and Total Max/Min Marks ===
Paper I Max Marks: 100
Paper II Max Marks: 100
Paper III Max Marks: 100
Theory Max Marks: 300, Min Marks: 150
Practical Max Marks: 300, Min Marks: 150
Grand Total Max Marks 600, Min Marks: 300

=== Marks and Results ===
Paper I: 50.0
Paper II: 47.0
Paper III: 52.0
Theory Max Mark:300.0
Theory Min Mark:150.0
Theory Total: 149.0
==============
Practical Max Mark:300.0
Pratical Min Mark:150.0
Practical Total: 197.0
===============
Grand Total Max Mark:600.0
Grand Total Min Mark:300.0
Grand Total: 346.0
Result: Fail
---------------------------------------------------
Page 26:
---------------------------------------------------
Registration No: 21205105001

=== Paper and Total Max/Min Marks ===
Paper I Max Marks: 100
Paper II Max Marks: 100
Paper III Max Marks: 100
Theory Max Marks: 300, Min Marks: 150
Practical Max Marks: 300, Min Marks: 150
Grand Total Max Marks 600, Min Marks: 300

=== Marks and Results ===
Paper I: 59.0
Paper II: 56.0
Paper III: 58.0
Theory Max Mark:300.0
Theory Min Mark:150.0
Theory Total: 173.0
==============
Practical Max Mark:300.0
Pratical Min Mark:150.0
Practical Total: 193.0
===============
Grand Total Max Mark:600.0
Grand Total Min Mark:300.0
Grand Total: 366.0
Result: Pass
---------------------------------------------------
Page 27:
---------------------------------------------------
Registration No: 21205105002

=== Paper and Total Max/Min Marks ===
Paper I Max Marks: 100
Paper II Max Marks: 100
Paper III Max Marks: 100
Theory Max Marks: 300, Min Marks: 150
Practical Max Marks: 300, Min Marks: 150
Grand Total Max Marks 600, Min Marks: 300

=== Marks and Results ===
Paper I: 53.0
Paper II: 58.0
Paper III: 57.0
Theory Max Mark:300.0
Theory Min Mark:150.0
Theory Total: 168.0
==============
Practical Max Mark:300.0
Pratical Min Mark:150.0
Practical Total: 194.0
===============
Grand Total Max Mark:600.0
Grand Total Min Mark:300.0
Grand Total: 362.0
Result: Pass
---------------------------------------------------
Page 28:
---------------------------------------------------
Registration No: 21205105004

=== Paper and Total Max/Min Marks ===
Paper I Max Marks: 100
Paper II Max Marks: 100
Paper III Max Marks: 100
Theory Max Marks: 300, Min Marks: 150
Practical Max Marks: 300, Min Marks: 150
Grand Total Max Marks 600, Min Marks: 300

=== Marks and Results ===
Paper I: 57.0
Paper II: 61.0
Paper III: 54.0
Theory Max Mark:300.0
Theory Min Mark:150.0
Theory Total: 172.0
==============
Practical Max Mark:300.0
Pratical Min Mark:150.0
Practical Total: 189.0
===============
Grand Total Max Mark:600.0
Grand Total Min Mark:300.0
Grand Total: 361.0
Result: Pass
---------------------------------------------------
Page 29:
---------------------------------------------------
Registration No: 21205105005

=== Paper and Total Max/Min Marks ===
Paper I Max Marks: 100
Paper II Max Marks: 100
Paper III Max Marks: 100
Theory Max Marks: 300, Min Marks: 150
Practical Max Marks: 300, Min Marks: 150
Grand Total Max Marks 600, Min Marks: 300

=== Marks and Results ===
Paper I: 55.0
Paper II: 54.0
Paper III: 55.0
Theory Max Mark:300.0
Theory Min Mark:150.0
Theory Total: 164.0
==============
Practical Max Mark:300.0
Pratical Min Mark:150.0
Practical Total: 198.0
===============
Grand Total Max Mark:600.0
Grand Total Min Mark:300.0
Grand Total: 362.0
Result: Pass
---------------------------------------------------
Page 30:
---------------------------------------------------
Registration No: 21206105001

=== Paper and Total Max/Min Marks ===
Paper I Max Marks: 100
Paper II Max Marks: 100
Paper III Max Marks: 100
Theory Max Marks: 300, Min Marks: 150
Practical Max Marks: 300, Min Marks: 150
Grand Total Max Marks 600, Min Marks: 300

=== Marks and Results ===
Paper I: 65.0
Paper II: 70.0
Paper III: 67.0
Theory Max Mark:300.0
Theory Min Mark:150.0
Theory Total: 202.0
==============
Practical Max Mark:300.0
Pratical Min Mark:150.0
Practical Total: 260.0
===============
Grand Total Max Mark:600.0
Grand Total Min Mark:300.0
Grand Total: 462.0
Result: Pass
---------------------------------------------------
Page 31:
---------------------------------------------------
Registration No: 21206105002

=== Paper and Total Max/Min Marks ===
Paper I Max Marks: 100
Paper II Max Marks: 100
Paper III Max Marks: 100
Theory Max Marks: 300, Min Marks: 150
Practical Max Marks: 300, Min Marks: 150
Grand Total Max Marks 600, Min Marks: 300

=== Marks and Results ===
Paper I: 63.0
Paper II: 67.0
Paper III: 78.0
Theory Max Mark:300.0
Theory Min Mark:150.0
Theory Total: 208.0
==============
Practical Max Mark:300.0
Pratical Min Mark:150.0
Practical Total: 249.0
===============
Grand Total Max Mark:600.0
Grand Total Min Mark:300.0
Grand Total: 457.0
Result: Pass
---------------------------------------------------
Page 32:
---------------------------------------------------
Registration No: 21206105003

=== Paper and Total Max/Min Marks ===
Paper I Max Marks: 100
Paper II Max Marks: 100
Paper III Max Marks: 100
Theory Max Marks: 300, Min Marks: 150
Practical Max Marks: 300, Min Marks: 150
Grand Total Max Marks 600, Min Marks: 300

=== Marks and Results ===
Paper I: 63.0
Paper II: 63.0
Paper III: 70.0
Theory Max Mark:300.0
Theory Min Mark:150.0
Theory Total: 196.0
==============
Practical Max Mark:300.0
Pratical Min Mark:150.0
Practical Total: 250.0
===============
Grand Total Max Mark:600.0
Grand Total Min Mark:300.0
Grand Total: 446.0
Result: Pass
---------------------------------------------------
Page 33:
---------------------------------------------------
Registration No: 21206105004

=== Paper and Total Max/Min Marks ===
Paper I Max Marks: 100
Paper II Max Marks: 100
Paper III Max Marks: 100
Theory Max Marks: 300, Min Marks: 150
Practical Max Marks: 300, Min Marks: 150
Grand Total Max Marks 600, Min Marks: 300

=== Marks and Results ===
Paper I: 66.0
Paper II: 65.0
Paper III: 70.0
Theory Max Mark:300.0
Theory Min Mark:150.0
Theory Total: 201.0
==============
Practical Max Mark:300.0
Pratical Min Mark:150.0
Practical Total: 259.0
===============
Grand Total Max Mark:600.0
Grand Total Min Mark:300.0
Grand Total: 460.0
Result: Pass
---------------------------------------------------
Page 34:
---------------------------------------------------
Registration No: 21206105005

=== Paper and Total Max/Min Marks ===
Paper I Max Marks: 100
Paper II Max Marks: 100
Paper III Max Marks: 100
Theory Max Marks: 300, Min Marks: 150
Practical Max Marks: 300, Min Marks: 150
Grand Total Max Marks 600, Min Marks: 300

=== Marks and Results ===
Paper I: 67.0
Paper II: 71.0
Paper III: 68.0
Theory Max Mark:300.0
Theory Min Mark:150.0
Theory Total: 206.0
==============
Practical Max Mark:300.0
Pratical Min Mark:150.0
Practical Total: 254.0
===============
Grand Total Max Mark:600.0
Grand Total Min Mark:300.0
Grand Total: 460.0
Result: Pass
---------------------------------------------------
Page 35:
---------------------------------------------------
Registration No: 21207105001

=== Paper and Total Max/Min Marks ===
Paper I Max Marks: 100
Paper II Max Marks: 100
Paper III Max Marks: 100
Theory Max Marks: 300, Min Marks: 150
Practical Max Marks: 300, Min Marks: 150
Grand Total Max Marks 600, Min Marks: 300

=== Marks and Results ===
Paper I: 55.0
Paper II: 60.0
Paper III: 61.0
Theory Max Mark:300.0
Theory Min Mark:150.0
Theory Total: 176.0
==============
Practical Max Mark:300.0
Pratical Min Mark:150.0
Practical Total: 206.0
===============
Grand Total Max Mark:600.0
Grand Total Min Mark:300.0
Grand Total: 382.0
Result: Pass
---------------------------------------------------
Page 36:
---------------------------------------------------
Registration No: 21207105002

=== Paper and Total Max/Min Marks ===
Paper I Max Marks: 100
Paper II Max Marks: 100
Paper III Max Marks: 100
Theory Max Marks: 300, Min Marks: 150
Practical Max Marks: 300, Min Marks: 150
Grand Total Max Marks 600, Min Marks: 300

=== Marks and Results ===
Paper I: 59.0
Paper II: 65.0
Paper III: 67.0
Theory Max Mark:300.0
Theory Min Mark:150.0
Theory Total: 191.0
==============
Practical Max Mark:300.0
Pratical Min Mark:150.0
Practical Total: 195.0
===============
Grand Total Max Mark:600.0
Grand Total Min Mark:300.0
Grand Total: 386.0
Result: Pass
---------------------------------------------------
Page 37:
---------------------------------------------------
Registration No: 21207105003

=== Paper and Total Max/Min Marks ===
Paper I Max Marks: 100
Paper II Max Marks: 100
Paper III Max Marks: 100
Theory Max Marks: 300, Min Marks: 150
Practical Max Marks: 300, Min Marks: 150
Grand Total Max Marks 600, Min Marks: 300

=== Marks and Results ===
Paper I: 58.0
Paper II: 62.0
Paper III: 58.0
Theory Max Mark:300.0
Theory Min Mark:150.0
Theory Total: 178.0
==============
Practical Max Mark:300.0
Pratical Min Mark:150.0
Practical Total: 182.0
===============
Grand Total Max Mark:600.0
Grand Total Min Mark:300.0
Grand Total: 360.0
Result: Pass
---------------------------------------------------
Page 38:
---------------------------------------------------
Registration No: 21208105001

=== Paper and Total Max/Min Marks ===
Paper I Max Marks: 100
Paper II Max Marks: 100
Paper III Max Marks: 100
Theory Max Marks: 300, Min Marks: 150
Practical Max Marks: 300, Min Marks: 150
Grand Total Max Marks 600, Min Marks: 300

=== Marks and Results ===
Paper I: 56.0
Paper II: 58.0
Paper III: 59.0
Theory Max Mark:300.0
Theory Min Mark:150.0
Theory Total: 173.0
==============
Practical Max Mark:300.0
Pratical Min Mark:150.0
Practical Total: 240.0
===============
Grand Total Max Mark:600.0
Grand Total Min Mark:300.0
Grand Total: 413.0
Result: Pass
---------------------------------------------------
Page 39:
---------------------------------------------------
Registration No: 21208105002

=== Paper and Total Max/Min Marks ===
Paper I Max Marks: 100
Paper II Max Marks: 100
Paper III Max Marks: 100
Theory Max Marks: 300, Min Marks: 150
Practical Max Marks: 300, Min Marks: 150
Grand Total Max Marks 600, Min Marks: 300

=== Marks and Results ===
Paper I: 57.0
Paper II: 58.0
Paper III: 60.0
Theory Max Mark:300.0
Theory Min Mark:150.0
Theory Total: 175.0
==============
Practical Max Mark:300.0
Pratical Min Mark:150.0
Practical Total: 240.0
===============
Grand Total Max Mark:600.0
Grand Total Min Mark:300.0
Grand Total: 415.0
Result: Pass
---------------------------------------------------
Page 40:
---------------------------------------------------
Registration No: 21208105003

=== Paper and Total Max/Min Marks ===
Paper I Max Marks: 100
Paper II Max Marks: 100
Paper III Max Marks: 100
Theory Max Marks: 300, Min Marks: 150
Practical Max Marks: 300, Min Marks: 150
Grand Total Max Marks 600, Min Marks: 300

=== Marks and Results ===
Paper I: 49.0
Paper II: 52.0
Paper III: 62.0
Theory Max Mark:300.0
Theory Min Mark:150.0
Theory Total: 163.0
==============
Practical Max Mark:300.0
Pratical Min Mark:150.0
Practical Total: 240.0
===============
Grand Total Max Mark:600.0
Grand Total Min Mark:300.0
Grand Total: 403.0
Result: Pass
---------------------------------------------------
Page 41:
---------------------------------------------------
Registration No: 21208105004

=== Paper and Total Max/Min Marks ===
Paper I Max Marks: 100
Paper II Max Marks: 100
Paper III Max Marks: 100
Theory Max Marks: 300, Min Marks: 150
Practical Max Marks: 300, Min Marks: 150
Grand Total Max Marks 600, Min Marks: 300

=== Marks and Results ===
Paper I: 54.0
Paper II: 56.0
Paper III: 61.0
Theory Max Mark:300.0
Theory Min Mark:150.0
Theory Total: 171.0
==============
Practical Max Mark:300.0
Pratical Min Mark:150.0
Practical Total: 229.0
===============
Grand Total Max Mark:600.0
Grand Total Min Mark:300.0
Grand Total: 400.0
Result: Pass
---------------------------------------------------
Page 42:
---------------------------------------------------
Registration No: 21208105005

=== Paper and Total Max/Min Marks ===
Paper I Max Marks: 100
Paper II Max Marks: 100
Paper III Max Marks: 100
Theory Max Marks: 300, Min Marks: 150
Practical Max Marks: 300, Min Marks: 150
Grand Total Max Marks 600, Min Marks: 300

=== Marks and Results ===
Paper I: 57.0
Paper II: 57.0
Paper III: 61.0
Theory Max Mark:300.0
Theory Min Mark:150.0
Theory Total: 175.0
==============
Practical Max Mark:300.0
Pratical Min Mark:150.0
Practical Total: 229.0
===============
Grand Total Max Mark:600.0
Grand Total Min Mark:300.0
Grand Total: 404.0
Result: Pass
---------------------------------------------------
Reached end of testCase4 execution for the following clg code: 105
]]></system-out>
    <system-err><![CDATA[ERROR StatusLogger Log4j2 could not find a logging implementation. Please add log4j-core to the classpath. Using SimpleLogger to log to the console...
]]></system-err>
  </testcase>
  <testcase name="testCase4[111, Nov-24, MDS NEW, 2018, PART-I, Supplementary, MDS NEW](2)" classname="runner_Execution.Exceution" time="37.466">
    <system-out><![CDATA[This will execute after every Method
This will execute foruth before every Method and after the before class
Starting testCase4 execution for the following clg code: 111
Handling parameters:
Exam Date: Nov-24
Award Name: MDS NEW
Regulation: 2018
ExamType:: Supplementary
Semester: PART-I
PDF opened successfully: file:///C:/Users/User/Downloads/Document-3.pdf
=========================
Pattern matched: Two patterns detected.
Total Pages: 2
---------------------------------------------------
Page 1:
---------------------------------------------------
Registration No: 20203111003

=== Paper and Total Max/Min Marks ===
Paper I Max Marks: 100
Grand Total Max Marks: 100, Min Marks: 50

=== Marks and Results ===
First Number: 65.0
Grand Total: 65.0
Result: Pass
---------------------------------------------------
Page 2:
---------------------------------------------------
Registration No: 22204111003

=== Paper and Total Max/Min Marks ===
Paper I Max Marks: 100
Grand Total Max Marks: 100, Min Marks: 50

=== Marks and Results ===
First Number: 54.0
Grand Total: 54.0
Result: Pass
---------------------------------------------------
Reached end of testCase4 execution for the following clg code: 111
]]></system-out>
  </testcase>
  <testcase name="testCase5[21202105005, Nov-24, MDS NEW, PART-II, 2018, Regular, 12, 58, 62, 174, 200, 374](1)" classname="runner_Execution.Exceution" time="33.285">
    <system-out><![CDATA[This will execute after every Method
This will execute foruth before every Method and after the before class
=========================
This is a Normal Test Case5
Starting testCase5 execution for: 21202105005
=========================
PDF opened successfully: file:///C:/Users/User/Downloads/MDSMarkStatementPart2-1.pdf
=========================
Pattern matched: Three patterns detected.
Total Pages: 1
---------------------------------------------------
Page 1:
---------------------------------------------------
Registration No: 21202105005

=== Paper and Total Max/Min Marks ===
Paper I Max Marks: 100
Paper II Max Marks: 100
Paper III Max Marks: 100
Theory Max Marks: 300, Min Marks: 150
Practical Max Marks: 300, Min Marks: 150
Grand Total Max Marks 600, Min Marks: 300

=== Marks and Results ===
Paper I: 54.0
Paper II: 58.0
Paper III: 62.0
Theory Max Mark:300.0
Theory Min Mark:150.0
Theory Total: 174.0
==============
Practical Max Mark:300.0
Pratical Min Mark:150.0
Practical Total: 200.0
===============
Grand Total Max Mark:600.0
Grand Total Min Mark:300.0
Grand Total: 374.0
Result: Pass
---------------------------------------------------
12.0
Both Excel 12.0 and Pdf 54.0 data are not same please check Excel file or Pdf file for paper 1 mark
Pdf mark is 54.0 Excel mark is 12.0
Both Excel 58.0 and Pdf 58.0 data are same for paper 2 mark
The following Registration number 22204111003 is passed in Paper2 exam with marks: 58.0
Both Excel 62.0 and Pdf 62.0 data are same for paper 3 mark
The following Registration number 22204111003 is passed in Paper3 exam with marks: 62.0
Both Excel 200.0 and Pdf 200.0 data are same for pratical total mark
The following Registration number 22204111003 is passed in Practical Exam with marks: 200.0
174.0
Both Excel 174.0 and Pdf 174.0 data are not same please check Excel file or Pdf file for theory total mark
The following Registration number 22204111003 has failed in one or more papers and is therefore failed in the Theory exam:174.0
Both Excel 374.0 and Pdf 374.0 data are same for pratical grand total mark
The following Registration number 22204111003 has failed in one or more papers and is therefore failed in the final exam:374.0
=====================
Reached end of testCase2 execution for: 21202105005
]]></system-out>
  </testcase>
  <testcase name="testCase5[20205103002, Nov-24, MDS NEW, PART-II, 2018, Supplementary, 34, 37, 36, 107, 150, 257](2)" classname="runner_Execution.Exceution" time="33.062">
    <system-out><![CDATA[This will execute after every Method
This will execute foruth before every Method and after the before class
=========================
This is a Normal Test Case5
Starting testCase5 execution for: 20205103002
=========================
PDF opened successfully: file:///C:/Users/User/Downloads/MDSMarkStatementPart2-3.pdf
=========================
Pattern matched: Three patterns detected.
Total Pages: 1
---------------------------------------------------
Page 1:
---------------------------------------------------
Registration No: 20205103002

=== Paper and Total Max/Min Marks ===
Paper I Max Marks: 100
Paper II Max Marks: 100
Paper III Max Marks: 100
Theory Max Marks: 300, Min Marks: 150
Practical Max Marks: 300, Min Marks: 150
Grand Total Max Marks 600, Min Marks: 300

=== Marks and Results ===
Paper I: 34.0
Paper II: 37.0
Paper III: 36.0
Theory Max Mark:300.0
Theory Min Mark:150.0
Theory Total: 107.0
==============
Practical Max Mark:300.0
Pratical Min Mark:150.0
Practical Total: 150.0
===============
Grand Total Max Mark:600.0
Grand Total Min Mark:300.0
Grand Total: 257.0
Result: Fail
---------------------------------------------------
34.0
Both Excel 34.0 and Pdf 34.0 data are same for paper 1 mark
The following Registration number 22204111003 is failed in Paper1 exam with marks: 34.0
Both Excel 37.0 and Pdf 37.0 data are same for paper 2 mark
The following Registration number 22204111003 is failed in Paper2 exam with marks: 37.0
Both Excel 36.0 and Pdf 36.0 data are same for paper 3 mark
The following Registration number 22204111003 is failed in Paper3 exam with marks: 36.0
Both Excel 150.0 and Pdf 150.0 data are same for pratical total mark
The following Registration number 22204111003 is passed in Practical Exam with marks: 150.0
107.0
Both Excel 107.0 and Pdf 107.0 data are same for theory total mark
The following Registration number 22204111003 has failed in one or more papers and is therefore failed in the Theory exam:107.0
Both Excel 257.0 and Pdf 257.0 data are same for pratical grand total mark
The following Registration number 22204111003 has failed in one or more papers and is therefore failed in the final exam:257.0
=====================
Reached end of testCase2 execution for: 20205103002
]]></system-out>
  </testcase>
  <testcase name="testCase5[21202100003, Nov-24, MDS NEW, PART-II, 2018, Regular, 52, 59, 60, 171, 260, 431](3)" classname="runner_Execution.Exceution" time="33.457">
    <system-out><![CDATA[This will execute after every Method
This will execute foruth before every Method and after the before class
=========================
This is a Normal Test Case5
Starting testCase5 execution for: 21202100003
=========================
PDF opened successfully: file:///C:/Users/User/Downloads/MDSMarkStatementPart2-5.pdf
=========================
Pattern matched: Three patterns detected.
Total Pages: 1
---------------------------------------------------
Page 1:
---------------------------------------------------
Registration No: 21202100003

=== Paper and Total Max/Min Marks ===
Paper I Max Marks: 100
Paper II Max Marks: 100
Paper III Max Marks: 100
Theory Max Marks: 300, Min Marks: 150
Practical Max Marks: 300, Min Marks: 150
Grand Total Max Marks 600, Min Marks: 300

=== Marks and Results ===
Paper I: 52.0
Paper II: 59.0
Paper III: 60.0
Theory Max Mark:300.0
Theory Min Mark:150.0
Theory Total: 171.0
==============
Practical Max Mark:300.0
Pratical Min Mark:150.0
Practical Total: 260.0
===============
Grand Total Max Mark:600.0
Grand Total Min Mark:300.0
Grand Total: 431.0
Result: Pass
---------------------------------------------------
52.0
Both Excel 52.0 and Pdf 52.0 data are same for paper 1 mark
The following Registration number 22204111003 is passed in Paper1 exam with marks: 52.0
Both Excel 59.0 and Pdf 59.0 data are same for paper 2 mark
The following Registration number 22204111003 is passed in Paper2 exam with marks: 59.0
Both Excel 60.0 and Pdf 60.0 data are same for paper 3 mark
The following Registration number 22204111003 is passed in Paper3 exam with marks: 60.0
Both Excel 260.0 and Pdf 260.0 data are same for pratical total mark
The following Registration number 22204111003 is passed in Practical Exam with marks: 260.0
171.0
Both Excel 171.0 and Pdf 171.0 data are same for theory total mark
The following Registration number 22204111003 is passed in Theory Exam with total marks: 171.0
Both Excel 431.0 and Pdf 431.0 data are same for pratical grand total mark
The following Registration number 22204111003 is passed with total score: 431.0
=====================
Reached end of testCase2 execution for: 21202100003
]]></system-out>
  </testcase>
  <testcase name="testCase5[21207103001, Nov-24, MDS NEW, PART-II, 2018, Regular, 53, 58, 55, 166, 169, 335](4)" classname="runner_Execution.Exceution" time="32.967">
    <system-out><![CDATA[This will execute after every Method
This will execute foruth before every Method and after the before class
=========================
This is a Normal Test Case5
Starting testCase5 execution for: 21207103001
=========================
PDF opened successfully: file:///C:/Users/User/Downloads/MDSMarkStatementPart2-7.pdf
=========================
Pattern matched: Three patterns detected.
Total Pages: 1
---------------------------------------------------
Page 1:
---------------------------------------------------
Registration No: 21207103001

=== Paper and Total Max/Min Marks ===
Paper I Max Marks: 100
Paper II Max Marks: 100
Paper III Max Marks: 100
Theory Max Marks: 300, Min Marks: 150
Practical Max Marks: 300, Min Marks: 150
Grand Total Max Marks 600, Min Marks: 300

=== Marks and Results ===
Paper I: 53.0
Paper II: 58.0
Paper III: 55.0
Theory Max Mark:300.0
Theory Min Mark:150.0
Theory Total: 166.0
==============
Practical Max Mark:300.0
Pratical Min Mark:150.0
Practical Total: 169.0
===============
Grand Total Max Mark:600.0
Grand Total Min Mark:300.0
Grand Total: 335.0
Result: Pass
---------------------------------------------------
53.0
Both Excel 53.0 and Pdf 53.0 data are same for paper 1 mark
The following Registration number 22204111003 is passed in Paper1 exam with marks: 53.0
Both Excel 58.0 and Pdf 58.0 data are same for paper 2 mark
The following Registration number 22204111003 is passed in Paper2 exam with marks: 58.0
Both Excel 55.0 and Pdf 55.0 data are same for paper 3 mark
The following Registration number 22204111003 is passed in Paper3 exam with marks: 55.0
Both Excel 169.0 and Pdf 169.0 data are same for pratical total mark
The following Registration number 22204111003 is passed in Practical Exam with marks: 169.0
166.0
Both Excel 166.0 and Pdf 166.0 data are same for theory total mark
The following Registration number 22204111003 is passed in Theory Exam with total marks: 166.0
Both Excel 335.0 and Pdf 335.0 data are same for pratical grand total mark
The following Registration number 22204111003 is passed with total score: 335.0
=====================
Reached end of testCase2 execution for: 21207103001
]]></system-out>
  </testcase>
  <testcase name="testCase5[21200100003, Nov-24, MDS NEW, PART-II, 2018, Regular, 58, 65, 64, 187, 225, 412](5)" classname="runner_Execution.Exceution" time="32.744">
    <system-out><![CDATA[This will execute after every Method
This will execute foruth before every Method and after the before class
=========================
This is a Normal Test Case5
Starting testCase5 execution for: 21200100003
=========================
PDF opened successfully: file:///C:/Users/User/Downloads/MDSMarkStatementPart2-9.pdf
=========================
Pattern matched: Three patterns detected.
Total Pages: 1
---------------------------------------------------
Page 1:
---------------------------------------------------
Registration No: 21200100003

=== Paper and Total Max/Min Marks ===
Paper I Max Marks: 100
Paper II Max Marks: 100
Paper III Max Marks: 100
Theory Max Marks: 300, Min Marks: 150
Practical Max Marks: 300, Min Marks: 150
Grand Total Max Marks 600, Min Marks: 300

=== Marks and Results ===
Paper I: 58.0
Paper II: 65.0
Paper III: 64.0
Theory Max Mark:300.0
Theory Min Mark:150.0
Theory Total: 187.0
==============
Practical Max Mark:300.0
Pratical Min Mark:150.0
Practical Total: 225.0
===============
Grand Total Max Mark:600.0
Grand Total Min Mark:300.0
Grand Total: 412.0
Result: Pass
---------------------------------------------------
58.0
Both Excel 58.0 and Pdf 58.0 data are same for paper 1 mark
The following Registration number 22204111003 is passed in Paper1 exam with marks: 58.0
Both Excel 65.0 and Pdf 65.0 data are same for paper 2 mark
The following Registration number 22204111003 is passed in Paper2 exam with marks: 65.0
Both Excel 64.0 and Pdf 64.0 data are same for paper 3 mark
The following Registration number 22204111003 is passed in Paper3 exam with marks: 64.0
Both Excel 225.0 and Pdf 225.0 data are same for pratical total mark
The following Registration number 22204111003 is passed in Practical Exam with marks: 225.0
187.0
Both Excel 187.0 and Pdf 187.0 data are same for theory total mark
The following Registration number 22204111003 is passed in Theory Exam with total marks: 187.0
Both Excel 412.0 and Pdf 412.0 data are same for pratical grand total mark
The following Registration number 22204111003 is passed with total score: 412.0
=====================
Reached end of testCase2 execution for: 21200100003
]]></system-out>
  </testcase>
</testsuite>