<?xml version="1.0" encoding="UTF-8"?>
<testsuite xmlns:xsi="http://www.w3.org/2001/XMLSchema-instance" xsi:noNamespaceSchemaLocation="https://maven.apache.org/surefire/maven-surefire-plugin/xsd/surefire-test-report-3.0.xsd" version="3.0" name="runner_Execution.Exceution" time="174.511" tests="9" errors="0" skipped="0" failures="0">
  <properties>
[...]
</properties>
  <testcase name="testCase1" classname="runner_Execution.Exceution" time="8.088">
    <system-out><![CDATA[This will execute first before the Test Suite
This will execute second before the Test and after the before test suite
This will execute third before the Class and after the befortest
This will execute foruth before every Method and after the before class
This is a Normal Test Case1
User is unable to enter with direct signin button
User is unable to enter with direct userpass
User is unable to enter with direct username
User is unable to enter with direct username
The Admin Login Page has login and the landing page of KNRUHS is displayed
]]></system-out>
    <system-err><![CDATA[[main] INFO io.github.bonigarcia.wdm.WebDriverManager - Using geckodriver 0.35.0 (resolved driver for Firefox 133)
[main] INFO io.github.bonigarcia.wdm.WebDriverManager - Exporting webdriver.gecko.driver as C:\Users\User\.cache\selenium\geckodriver\win64\0.35.0\geckodriver.exe
]]></system-err>
  </testcase>
  <testcase name="testCase2" classname="runner_Execution.Exceution" time="3.045">
    <system-out><![CDATA[This will execute after every Method
This will execute foruth before every Method and after the before class
This is a Normal Test Case2
The Admin Login Page has login and the landing page of KNRUHS is displayed
]]></system-out>
  </testcase>
  <testcase name="testCase3[105, Nov-24, MDS NEW, 2018, PART-II, Regular, MDS NEW](1)" classname="runner_Execution.Exceution" time="16.811">
    <system-out><![CDATA[This will execute after every Method
This will execute foruth before every Method and after the before class
Starting testCase3 execution for: Nov-24
Handling parameters:
Exam Date: Nov-24
Award Name: MDS NEW
Regulation: 2018
ExamType:: Regular
Semester: PART-II
true
To checkRegular
Reached end of testCase3 execution for: Regular
]]></system-out>
    <system-err><![CDATA[ERROR StatusLogger Log4j2 could not find a logging implementation. Please add log4j-core to the classpath. Using SimpleLogger to log to the console...
]]></system-err>
  </testcase>
  <testcase name="testCase3[111, Nov-24, MDS NEW, 2018, PART-I, Supplementary, MDS NEW](2)" classname="runner_Execution.Exceution" time="16.422">
    <system-out><![CDATA[This will execute after every Method
This will execute foruth before every Method and after the before class
Starting testCase3 execution for: Nov-24
Handling parameters:
Exam Date: Nov-24
Award Name: MDS NEW
Regulation: 2018
ExamType:: Supplementary
Semester: PART-I
true
To checkSupplementary
Reached end of testCase3 execution for: Supplementary
]]></system-out>
  </testcase>
  <testcase name="testCase4[21202105005, Nov-24, MDS NEW, PART-II, 2018, Regular, 54, 58, 62, 174, 200, 374](1)" classname="runner_Execution.Exceution" time="22.933">
    <system-out><![CDATA[This will execute after every Method
This will execute foruth before every Method and after the before class
Starting testCase4 execution for: 21202105005
true
To checkRegular
The following Registration number21202105005 is passed in Paper1 exam
54.0
The following Registration number 21202105005 is passed in Paper2 exam
58.0
The following Registration number 21202105005 is passed in Paper3 exam
62.0
The following Registration number 21202105005 is Passed in Practical Exam
200.0
The following Registration number 21202105005 is Passed in Therory Exam
174.0
The following Registration number 21202105005 is Passed 
374.0
Reached end of testCase2 execution for: 21202105005
]]></system-out>
  </testcase>
  <testcase name="testCase4[20205103002, Nov-24, MDS NEW, PART-II, 2018, Supplementary, 34, 37, 36, 107, 150, 257](2)" classname="runner_Execution.Exceution" time="23.019">
    <system-out><![CDATA[This will execute after every Method
This will execute foruth before every Method and after the before class
Starting testCase4 execution for: 20205103002
true
To checkSupplementary
The following Registration number20205103002 is failed in Paper1 exam
34.0
The following Registration number 20205103002 is failed in Paper2 exam
37.0
The following Registration number 20205103002 is failed in Paper3 exam
36.0
The following Registration number 20205103002 is Passed in Practical Exam
150.0
The following Registration number 20205103002 is Failed in Therory Exam
107.0
The following Registration number 20205103002 is Failed 
257.0
Reached end of testCase2 execution for: 20205103002
]]></system-out>
  </testcase>
  <testcase name="testCase4[21202100003, Nov-24, MDS NEW, PART-II, 2018, Regular, 52, 59, 60, 171, 260, 431](3)" classname="runner_Execution.Exceution" time="22.987">
    <system-out><![CDATA[This will execute after every Method
This will execute foruth before every Method and after the before class
Starting testCase4 execution for: 21202100003
true
To checkRegular
The following Registration number21202100003 is passed in Paper1 exam
52.0
The following Registration number 21202100003 is passed in Paper2 exam
59.0
The following Registration number 21202100003 is passed in Paper3 exam
60.0
The following Registration number 21202100003 is Passed in Practical Exam
260.0
The following Registration number 21202100003 is Passed in Therory Exam
171.0
The following Registration number 21202100003 is Passed 
431.0
Reached end of testCase2 execution for: 21202100003
]]></system-out>
  </testcase>
  <testcase name="testCase4[21207103001, Nov-24, MDS NEW, PART-II, 2018, Regular, 49.98, 49.98, 49.98, 149.94, 149.99, 335](4)" classname="runner_Execution.Exceution" time="23.056">
    <system-out><![CDATA[This will execute after every Method
This will execute foruth before every Method and after the before class
Starting testCase4 execution for: 21207103001
true
To checkRegular
The following Registration number21207103001 is failed in Paper1 exam
49.98
The following Registration number 21207103001 is failed in Paper2 exam
49.98
The following Registration number 21207103001 is failed in Paper3 exam
49.98
The following Registration number 21207103001 is Failed in Pratical Exam
149.99
The following Registration number 21207103001 is Failed in Therory Exam
149.94
The following Registration number 21207103001 is Passed 
335.0
Reached end of testCase2 execution for: 21207103001
]]></system-out>
  </testcase>
  <testcase name="testCase4[21200100003, Nov-24, MDS NEW, PART-II, 2018, Regular, 58, null, null, 187, 225, 412](5)" classname="runner_Execution.Exceution" time="23.214">
    <system-out><![CDATA[This will execute after every Method
This will execute foruth before every Method and after the before class
Starting testCase4 execution for: 21200100003
true
To checkRegular
The following Registration number21200100003 is passed in Paper1 exam
58.0
Paper 2 row in the excel sheet is empty for the following 21200100003 number please check the excel sheet
Paper 3 row in the excel sheet is empty for the following 21200100003 number please check the excel sheet
The following Registration number 21200100003 is Passed in Practical Exam
225.0
The following Registration number 21200100003 is Passed in Therory Exam
187.0
The following Registration number 21200100003 is Passed 
412.0
Reached end of testCase2 execution for: 21200100003
]]></system-out>
  </testcase>
</testsuite>