<?xml version="1.0" encoding="UTF-8"?>
<!-- Generated by org.testng.reporters.JUnitXMLReporter -->
<testsuite ignored="2" hostname="DESKTOP-QRJIP05" failures="0" tests="8" name="Default test" time="245.605" errors="0" timestamp="2025-01-23T16:37:09 IST">
  <testcase classname="runner_Execution.Exceution" name="testCase3" time="2.96"/>
  <testcase classname="runner_Execution.Exceution" name="testCase4" time="39.3"/>
  <testcase classname="runner_Execution.Exceution" name="testCase4" time="37.527"/>
  <testcase classname="runner_Execution.Exceution" name="testCase5" time="32.8"/>
  <testcase classname="runner_Execution.Exceution" name="testCase5" time="32.834"/>
  <testcase classname="runner_Execution.Exceution" name="testCase5" time="33.019"/>
  <testcase classname="runner_Execution.Exceution" name="testCase5" time="32.723"/>
  <testcase classname="runner_Execution.Exceution" name="testCase5" time="33.434"/>
  <testcase classname="runner_Execution.Exceution" name="testCase1" time="0.0">
    <ignored/>
  </testcase> <!-- testCase1 -->
  <testcase classname="runner_Execution.Exceution" name="testCase2" time="0.0">
    <ignored/>
  </testcase> <!-- testCase2 -->
</testsuite> <!-- Default test -->
