<?xml version="1.0" encoding="UTF-8"?>
<!-- Generated by org.testng.reporters.JUnitXMLReporter -->
<testsuite ignored="0" hostname="DESKTOP-QRJIP05" failures="0" tests="9" name="Default test" time="164.918" errors="0" timestamp="2025-01-06T16:50:29 IST">
  <testcase classname="runner_Execution.Exceution" name="testCase1" time="7.178"/>
  <testcase classname="runner_Execution.Exceution" name="testCase2" time="2.509"/>
  <testcase classname="runner_Execution.Exceution" name="testCase3" time="16.262"/>
  <testcase classname="runner_Execution.Exceution" name="testCase3" time="16.297"/>
  <testcase classname="runner_Execution.Exceution" name="testCase4" time="22.588"/>
  <testcase classname="runner_Execution.Exceution" name="testCase4" time="22.658"/>
  <testcase classname="runner_Execution.Exceution" name="testCase4" time="22.595"/>
  <testcase classname="runner_Execution.Exceution" name="testCase4" time="22.604"/>
  <testcase classname="runner_Execution.Exceution" name="testCase4" time="22.625"/>
</testsuite> <!-- Default test -->
