<?xml version="1.0" encoding="UTF-8"?>
<testng-results ignored="3" total="11" passed="8" failed="0" skipped="0">
  <reporter-output>
  </reporter-output>
  <suite started-at="2025-02-07T18:34:07 IST" name="Default suite" finished-at="2025-02-07T18:38:03 IST" duration-ms="235867">
    <groups>
    </groups>
    <test started-at="2025-02-07T18:34:07 IST" name="Default test" finished-at="2025-02-07T18:38:03 IST" duration-ms="235867">
      <class name="runner_Execution.Exceution">
        <test-method is-config="true" signature="beforeSuite()[pri:0, instance:runner_Execution.Exceution@74e52ef6]" started-at="2025-02-07T18:34:00 IST" name="beforeSuite" finished-at="2025-02-07T18:34:07 IST" duration-ms="7666" status="PASS">
          <reporter-output>
          </reporter-output>
        </test-method> <!-- beforeSuite -->
        <test-method is-config="true" signature="beforeTest()[pri:0, instance:runner_Execution.Exceution@74e52ef6]" started-at="2025-02-07T18:34:07 IST" name="beforeTest" finished-at="2025-02-07T18:34:07 IST" duration-ms="1" status="PASS">
          <reporter-output>
          </reporter-output>
        </test-method> <!-- beforeTest -->
        <test-method is-config="true" signature="beforeClass()[pri:0, instance:runner_Execution.Exceution@74e52ef6]" started-at="2025-02-07T18:34:07 IST" name="beforeClass" finished-at="2025-02-07T18:34:07 IST" duration-ms="1" status="PASS">
          <reporter-output>
          </reporter-output>
        </test-method> <!-- beforeClass -->
        <test-method is-config="true" signature="beforeMethod()[pri:0, instance:runner_Execution.Exceution@74e52ef6]" started-at="2025-02-07T18:34:07 IST" name="beforeMethod" finished-at="2025-02-07T18:34:07 IST" duration-ms="3" status="PASS">
          <reporter-output>
          </reporter-output>
        </test-method> <!-- beforeMethod -->
        <test-method signature="testCase3()[pri:3, instance:runner_Execution.Exceution@74e52ef6]" started-at="2025-02-07T18:34:07 IST" name="testCase3" finished-at="2025-02-07T18:34:10 IST" duration-ms="2763" status="PASS">
          <reporter-output>
          </reporter-output>
        </test-method> <!-- testCase3 -->
        <test-method is-config="true" signature="afterMethod()[pri:0, instance:runner_Execution.Exceution@74e52ef6]" started-at="2025-02-07T18:34:10 IST" name="afterMethod" finished-at="2025-02-07T18:34:10 IST" duration-ms="1" status="PASS">
          <reporter-output>
          </reporter-output>
        </test-method> <!-- afterMethod -->
        <test-method signature="testCase5(java.lang.Object,java.lang.Object,java.lang.Object,java.lang.Object,java.lang.Object,java.lang.Object,java.lang.Object,java.lang.Object,java.lang.Object,java.lang.Object,java.lang.Object,java.lang.Object,java.lang.String)[pri:5, instance:runner_Execution.Exceution@74e52ef6]" started-at="2025-02-07T18:34:11 IST" name="testCase5" data-provider="excel" finished-at="2025-02-07T18:34:45 IST" duration-ms="33805" status="PASS">
          <params>
            <param index="0">
              <value>
                <![CDATA[2302100080]]>
              </value>
            </param>
            <param index="1">
              <value>
                <![CDATA[Nov-24]]>
              </value>
            </param>
            <param index="2">
              <value>
                <![CDATA[DENTAL]]>
              </value>
            </param>
            <param index="3">
              <value>
                <![CDATA[Year 1]]>
              </value>
            </param>
            <param index="4">
              <value>
                <![CDATA[2016]]>
              </value>
            </param>
            <param index="5">
              <value>
                <![CDATA[Regular]]>
              </value>
            </param>
            <param index="6">
              <value>
                <![CDATA[AB]]>
              </value>
            </param>
            <param index="7">
              <value>
                <![CDATA[100]]>
              </value>
            </param>
            <param index="8">
              <value>
                <![CDATA[6]]>
              </value>
            </param>
            <param index="9">
              <value>
                <![CDATA[5]]>
              </value>
            </param>
            <param index="10">
              <value>
                <![CDATA[4]]>
              </value>
            </param>
            <param index="11">
              <value>
                <![CDATA[242]]>
              </value>
            </param>
            <param index="12">
              <value>
                <![CDATA[DENTAL MATERIALS]]>
              </value>
            </param>
          </params>
          <reporter-output>
          </reporter-output>
        </test-method> <!-- testCase5 -->
        <test-method is-config="true" signature="beforeMethod()[pri:0, instance:runner_Execution.Exceution@74e52ef6]" started-at="2025-02-07T18:34:11 IST" name="beforeMethod" finished-at="2025-02-07T18:34:11 IST" duration-ms="0" status="PASS">
          <reporter-output>
          </reporter-output>
        </test-method> <!-- beforeMethod -->
        <test-method is-config="true" signature="afterMethod()[pri:0, instance:runner_Execution.Exceution@74e52ef6]" started-at="2025-02-07T18:34:45 IST" name="afterMethod" finished-at="2025-02-07T18:34:45 IST" duration-ms="1" status="PASS">
          <reporter-output>
          </reporter-output>
        </test-method> <!-- afterMethod -->
        <test-method is-config="true" signature="beforeMethod()[pri:0, instance:runner_Execution.Exceution@74e52ef6]" started-at="2025-02-07T18:34:45 IST" name="beforeMethod" finished-at="2025-02-07T18:34:45 IST" duration-ms="1" status="PASS">
          <reporter-output>
          </reporter-output>
        </test-method> <!-- beforeMethod -->
        <test-method signature="testCase5(java.lang.Object,java.lang.Object,java.lang.Object,java.lang.Object,java.lang.Object,java.lang.Object,java.lang.Object,java.lang.Object,java.lang.Object,java.lang.Object,java.lang.Object,java.lang.Object,java.lang.String)[pri:5, instance:runner_Execution.Exceution@74e52ef6]" started-at="2025-02-07T18:34:45 IST" name="testCase5" data-provider="excel" finished-at="2025-02-07T18:35:18 IST" duration-ms="33320" status="PASS">
          <params>
            <param index="0">
              <value>
                <![CDATA[2211601014]]>
              </value>
            </param>
            <param index="1">
              <value>
                <![CDATA[Nov-24]]>
              </value>
            </param>
            <param index="2">
              <value>
                <![CDATA[UG PARAMEDICAL ALLIED]]>
              </value>
            </param>
            <param index="3">
              <value>
                <![CDATA[Year 1]]>
              </value>
            </param>
            <param index="4">
              <value>
                <![CDATA[2022]]>
              </value>
            </param>
            <param index="5">
              <value>
                <![CDATA[Supplementary]]>
              </value>
            </param>
            <param index="6">
              <value>
                <![CDATA[5]]>
              </value>
            </param>
            <param index="7">
              <value>
                <![CDATA[AB]]>
              </value>
            </param>
            <param index="8">
              <value>
                <![CDATA[NA]]>
              </value>
            </param>
            <param index="9">
              <value>
                <![CDATA[NA]]>
              </value>
            </param>
            <param index="10">
              <value>
                <![CDATA[14]]>
              </value>
            </param>
            <param index="11">
              <value>
                <![CDATA[188]]>
              </value>
            </param>
            <param index="12">
              <value>
                <![CDATA[BIOCHEMISTRY]]>
              </value>
            </param>
          </params>
          <reporter-output>
          </reporter-output>
        </test-method> <!-- testCase5 -->
        <test-method is-config="true" signature="beforeMethod()[pri:0, instance:runner_Execution.Exceution@74e52ef6]" started-at="2025-02-07T18:35:18 IST" name="beforeMethod" finished-at="2025-02-07T18:35:18 IST" duration-ms="1" status="PASS">
          <reporter-output>
          </reporter-output>
        </test-method> <!-- beforeMethod -->
        <test-method is-config="true" signature="afterMethod()[pri:0, instance:runner_Execution.Exceution@74e52ef6]" started-at="2025-02-07T18:35:18 IST" name="afterMethod" finished-at="2025-02-07T18:35:18 IST" duration-ms="0" status="PASS">
          <reporter-output>
          </reporter-output>
        </test-method> <!-- afterMethod -->
        <test-method signature="testCase5(java.lang.Object,java.lang.Object,java.lang.Object,java.lang.Object,java.lang.Object,java.lang.Object,java.lang.Object,java.lang.Object,java.lang.Object,java.lang.Object,java.lang.Object,java.lang.Object,java.lang.String)[pri:5, instance:runner_Execution.Exceution@74e52ef6]" started-at="2025-02-07T18:35:18 IST" name="testCase5" data-provider="excel" finished-at="2025-02-07T18:35:51 IST" duration-ms="32894" status="PASS">
          <params>
            <param index="0">
              <value>
                <![CDATA[2309492017]]>
              </value>
            </param>
            <param index="1">
              <value>
                <![CDATA[NOV-24]]>
              </value>
            </param>
            <param index="2">
              <value>
                <![CDATA[UG PARAMEDICAL(NURSING)]]>
              </value>
            </param>
            <param index="3">
              <value>
                <![CDATA[Year 1]]>
              </value>
            </param>
            <param index="4">
              <value>
                <![CDATA[2016]]>
              </value>
            </param>
            <param index="5">
              <value>
                <![CDATA[Regular]]>
              </value>
            </param>
            <param index="6">
              <value>
                <![CDATA[10]]>
              </value>
            </param>
            <param index="7">
              <value>
                <![CDATA[11]]>
              </value>
            </param>
            <param index="8">
              <value>
                <![CDATA[10]]>
              </value>
            </param>
            <param index="9">
              <value>
                <![CDATA[NA]]>
              </value>
            </param>
            <param index="10">
              <value>
                <![CDATA[34]]>
              </value>
            </param>
            <param index="11">
              <value>
                <![CDATA[696]]>
              </value>
            </param>
            <param index="12">
              <value>
                <![CDATA[NURSING FOUNDATION]]>
              </value>
            </param>
          </params>
          <reporter-output>
          </reporter-output>
        </test-method> <!-- testCase5 -->
        <test-method is-config="true" signature="afterMethod()[pri:0, instance:runner_Execution.Exceution@74e52ef6]" started-at="2025-02-07T18:35:51 IST" name="afterMethod" finished-at="2025-02-07T18:35:51 IST" duration-ms="0" status="PASS">
          <reporter-output>
          </reporter-output>
        </test-method> <!-- afterMethod -->
        <test-method is-config="true" signature="beforeMethod()[pri:0, instance:runner_Execution.Exceution@74e52ef6]" started-at="2025-02-07T18:35:51 IST" name="beforeMethod" finished-at="2025-02-07T18:35:51 IST" duration-ms="0" status="PASS">
          <reporter-output>
          </reporter-output>
        </test-method> <!-- beforeMethod -->
        <test-method signature="testCase5(java.lang.Object,java.lang.Object,java.lang.Object,java.lang.Object,java.lang.Object,java.lang.Object,java.lang.Object,java.lang.Object,java.lang.Object,java.lang.Object,java.lang.Object,java.lang.Object,java.lang.String)[pri:5, instance:runner_Execution.Exceution@74e52ef6]" started-at="2025-02-07T18:35:51 IST" name="testCase5" data-provider="excel" finished-at="2025-02-07T18:36:24 IST" duration-ms="32830" status="PASS">
          <params>
            <param index="0">
              <value>
                <![CDATA[2220603001]]>
              </value>
            </param>
            <param index="1">
              <value>
                <![CDATA[Nov-24]]>
              </value>
            </param>
            <param index="2">
              <value>
                <![CDATA[UG PARAMEDICAL ALLIED]]>
              </value>
            </param>
            <param index="3">
              <value>
                <![CDATA[Year 1]]>
              </value>
            </param>
            <param index="4">
              <value>
                <![CDATA[2022]]>
              </value>
            </param>
            <param index="5">
              <value>
                <![CDATA[Supplementary]]>
              </value>
            </param>
            <param index="6">
              <value>
                <![CDATA[1]]>
              </value>
            </param>
            <param index="7">
              <value>
                <![CDATA[NE]]>
              </value>
            </param>
            <param index="8">
              <value>
                <![CDATA[NA]]>
              </value>
            </param>
            <param index="9">
              <value>
                <![CDATA[43]]>
              </value>
            </param>
            <param index="10">
              <value>
                <![CDATA[0]]>
              </value>
            </param>
            <param index="11">
              <value>
                <![CDATA[97]]>
              </value>
            </param>
            <param index="12">
              <value>
                <![CDATA[BIOCHEMISTRY]]>
              </value>
            </param>
          </params>
          <reporter-output>
          </reporter-output>
        </test-method> <!-- testCase5 -->
        <test-method is-config="true" signature="beforeMethod()[pri:0, instance:runner_Execution.Exceution@74e52ef6]" started-at="2025-02-07T18:36:24 IST" name="beforeMethod" finished-at="2025-02-07T18:36:24 IST" duration-ms="1" status="PASS">
          <reporter-output>
          </reporter-output>
        </test-method> <!-- beforeMethod -->
        <test-method is-config="true" signature="afterMethod()[pri:0, instance:runner_Execution.Exceution@74e52ef6]" started-at="2025-02-07T18:36:24 IST" name="afterMethod" finished-at="2025-02-07T18:36:24 IST" duration-ms="0" status="PASS">
          <reporter-output>
          </reporter-output>
        </test-method> <!-- afterMethod -->
        <test-method signature="testCase5(java.lang.Object,java.lang.Object,java.lang.Object,java.lang.Object,java.lang.Object,java.lang.Object,java.lang.Object,java.lang.Object,java.lang.Object,java.lang.Object,java.lang.Object,java.lang.Object,java.lang.String)[pri:5, instance:runner_Execution.Exceution@74e52ef6]" started-at="2025-02-07T18:36:24 IST" name="testCase5" data-provider="excel" finished-at="2025-02-07T18:36:57 IST" duration-ms="33266" status="PASS">
          <params>
            <param index="0">
              <value>
                <![CDATA[2211600008]]>
              </value>
            </param>
            <param index="1">
              <value>
                <![CDATA[Nov-24]]>
              </value>
            </param>
            <param index="2">
              <value>
                <![CDATA[UG PARAMEDICAL ALLIED]]>
              </value>
            </param>
            <param index="3">
              <value>
                <![CDATA[Year 1]]>
              </value>
            </param>
            <param index="4">
              <value>
                <![CDATA[2022]]>
              </value>
            </param>
            <param index="5">
              <value>
                <![CDATA[Supplementary]]>
              </value>
            </param>
            <param index="6">
              <value>
                <![CDATA[9]]>
              </value>
            </param>
            <param index="7">
              <value>
                <![CDATA[47]]>
              </value>
            </param>
            <param index="8">
              <value>
                <![CDATA[NA]]>
              </value>
            </param>
            <param index="9">
              <value>
                <![CDATA[NA]]>
              </value>
            </param>
            <param index="10">
              <value>
                <![CDATA[22]]>
              </value>
            </param>
            <param index="11">
              <value>
                <![CDATA[223]]>
              </value>
            </param>
            <param index="12">
              <value>
                <![CDATA[PATHOLOGY]]>
              </value>
            </param>
          </params>
          <reporter-output>
          </reporter-output>
        </test-method> <!-- testCase5 -->
        <test-method is-config="true" signature="afterMethod()[pri:0, instance:runner_Execution.Exceution@74e52ef6]" started-at="2025-02-07T18:36:57 IST" name="afterMethod" finished-at="2025-02-07T18:36:57 IST" duration-ms="1" status="PASS">
          <reporter-output>
          </reporter-output>
        </test-method> <!-- afterMethod -->
        <test-method is-config="true" signature="beforeMethod()[pri:0, instance:runner_Execution.Exceution@74e52ef6]" started-at="2025-02-07T18:36:57 IST" name="beforeMethod" finished-at="2025-02-07T18:36:57 IST" duration-ms="1" status="PASS">
          <reporter-output>
          </reporter-output>
        </test-method> <!-- beforeMethod -->
        <test-method signature="testCase5(java.lang.Object,java.lang.Object,java.lang.Object,java.lang.Object,java.lang.Object,java.lang.Object,java.lang.Object,java.lang.Object,java.lang.Object,java.lang.Object,java.lang.Object,java.lang.Object,java.lang.String)[pri:5, instance:runner_Execution.Exceution@74e52ef6]" started-at="2025-02-07T18:36:57 IST" name="testCase5" data-provider="excel" finished-at="2025-02-07T18:37:30 IST" duration-ms="32969" status="PASS">
          <params>
            <param index="0">
              <value>
                <![CDATA[2309492017]]>
              </value>
            </param>
            <param index="1">
              <value>
                <![CDATA[NOV-24]]>
              </value>
            </param>
            <param index="2">
              <value>
                <![CDATA[UG PARAMEDICAL(NURSING)]]>
              </value>
            </param>
            <param index="3">
              <value>
                <![CDATA[Year 1]]>
              </value>
            </param>
            <param index="4">
              <value>
                <![CDATA[2016]]>
              </value>
            </param>
            <param index="5">
              <value>
                <![CDATA[Regular]]>
              </value>
            </param>
            <param index="6">
              <value>
                <![CDATA[19]]>
              </value>
            </param>
            <param index="7">
              <value>
                <![CDATA[47]]>
              </value>
            </param>
            <param index="8">
              <value>
                <![CDATA[35]]>
              </value>
            </param>
            <param index="9">
              <value>
                <![CDATA[8]]>
              </value>
            </param>
            <param index="10">
              <value>
                <![CDATA[137]]>
              </value>
            </param>
            <param index="11">
              <value>
                <![CDATA[696]]>
              </value>
            </param>
            <param index="12">
              <value>
                <![CDATA[MATERNAL NURSING]]>
              </value>
            </param>
          </params>
          <reporter-output>
          </reporter-output>
        </test-method> <!-- testCase5 -->
        <test-method is-config="true" signature="afterMethod()[pri:0, instance:runner_Execution.Exceution@74e52ef6]" started-at="2025-02-07T18:37:30 IST" name="afterMethod" finished-at="2025-02-07T18:37:30 IST" duration-ms="5" status="PASS">
          <reporter-output>
          </reporter-output>
        </test-method> <!-- afterMethod -->
        <test-method is-config="true" signature="beforeMethod()[pri:0, instance:runner_Execution.Exceution@74e52ef6]" started-at="2025-02-07T18:37:30 IST" name="beforeMethod" finished-at="2025-02-07T18:37:30 IST" duration-ms="0" status="PASS">
          <reporter-output>
          </reporter-output>
        </test-method> <!-- beforeMethod -->
        <test-method signature="testCase5(java.lang.Object,java.lang.Object,java.lang.Object,java.lang.Object,java.lang.Object,java.lang.Object,java.lang.Object,java.lang.Object,java.lang.Object,java.lang.Object,java.lang.Object,java.lang.Object,java.lang.String)[pri:5, instance:runner_Execution.Exceution@74e52ef6]" started-at="2025-02-07T18:37:30 IST" name="testCase5" data-provider="excel" finished-at="2025-02-07T18:38:03 IST" duration-ms="33140" status="PASS">
          <params>
            <param index="0">
              <value>
                <![CDATA[2309483014]]>
              </value>
            </param>
            <param index="1">
              <value>
                <![CDATA[NOV-24]]>
              </value>
            </param>
            <param index="2">
              <value>
                <![CDATA[UG PARAMEDICAL(NURSING)]]>
              </value>
            </param>
            <param index="3">
              <value>
                <![CDATA[Year 1]]>
              </value>
            </param>
            <param index="4">
              <value>
                <![CDATA[2016]]>
              </value>
            </param>
            <param index="5">
              <value>
                <![CDATA[Regular]]>
              </value>
            </param>
            <param index="6">
              <value>
                <![CDATA[11]]>
              </value>
            </param>
            <param index="7">
              <value>
                <![CDATA[AB]]>
              </value>
            </param>
            <param index="8">
              <value>
                <![CDATA[6]]>
              </value>
            </param>
            <param index="9">
              <value>
                <![CDATA[NEAT]]>
              </value>
            </param>
            <param index="10">
              <value>
                <![CDATA[49]]>
              </value>
            </param>
            <param index="11">
              <value>
                <![CDATA[220]]>
              </value>
            </param>
            <param index="12">
              <value>
                <![CDATA[CHILD HEALTH NURSING]]>
              </value>
            </param>
          </params>
          <reporter-output>
          </reporter-output>
        </test-method> <!-- testCase5 -->
        <test-method is-config="true" signature="afterMethod()[pri:0, instance:runner_Execution.Exceution@74e52ef6]" started-at="2025-02-07T18:38:03 IST" name="afterMethod" finished-at="2025-02-07T18:38:03 IST" duration-ms="1" status="PASS">
          <reporter-output>
          </reporter-output>
        </test-method> <!-- afterMethod -->
        <test-method is-config="true" signature="afterTest()[pri:0, instance:runner_Execution.Exceution@74e52ef6]" started-at="2025-02-07T18:38:03 IST" name="afterTest" finished-at="2025-02-07T18:38:03 IST" duration-ms="0" status="PASS">
          <reporter-output>
          </reporter-output>
        </test-method> <!-- afterTest -->
        <test-method is-config="true" signature="afterClass()[pri:0, instance:runner_Execution.Exceution@74e52ef6]" started-at="2025-02-07T18:38:03 IST" name="afterClass" finished-at="2025-02-07T18:38:03 IST" duration-ms="0" status="PASS">
          <reporter-output>
          </reporter-output>
        </test-method> <!-- afterClass -->
        <test-method is-config="true" signature="afterSuite()[pri:0, instance:runner_Execution.Exceution@74e52ef6]" started-at="2025-02-07T18:38:03 IST" name="afterSuite" finished-at="2025-02-07T18:38:05 IST" duration-ms="1830" status="PASS">
          <reporter-output>
          </reporter-output>
        </test-method> <!-- afterSuite -->
      </class> <!-- runner_Execution.Exceution -->
    </test> <!-- Default test -->
  </suite> <!-- Default suite -->
</testng-results>
