<?xml version="1.0" encoding="UTF-8"?>
<testng-results ignored="3" total="9" passed="6" failed="0" skipped="0">
  <reporter-output>
  </reporter-output>
  <suite started-at="2025-01-21T18:32:54 IST" name="Default suite" finished-at="2025-01-21T18:36:00 IST" duration-ms="185715">
    <groups>
    </groups>
    <test started-at="2025-01-21T18:32:54 IST" name="Default test" finished-at="2025-01-21T18:36:00 IST" duration-ms="185715">
      <class name="runner_Execution.Exceution">
        <test-method is-config="true" signature="beforeSuite()[pri:0, instance:runner_Execution.Exceution@79079097]" started-at="2025-01-21T18:32:54 IST" name="beforeSuite" finished-at="2025-01-21T18:32:54 IST" duration-ms="8" status="PASS">
          <reporter-output>
          </reporter-output>
        </test-method> <!-- beforeSuite -->
        <test-method is-config="true" signature="beforeTest()[pri:0, instance:runner_Execution.Exceution@79079097]" started-at="2025-01-21T18:32:54 IST" name="beforeTest" finished-at="2025-01-21T18:32:54 IST" duration-ms="2" status="PASS">
          <reporter-output>
          </reporter-output>
        </test-method> <!-- beforeTest -->
        <test-method is-config="true" signature="beforeClass()[pri:0, instance:runner_Execution.Exceution@79079097]" started-at="2025-01-21T18:32:54 IST" name="beforeClass" finished-at="2025-01-21T18:32:54 IST" duration-ms="0" status="PASS">
          <reporter-output>
          </reporter-output>
        </test-method> <!-- beforeClass -->
        <test-method is-config="true" signature="beforeMethod()[pri:0, instance:runner_Execution.Exceution@79079097]" started-at="2025-01-21T18:32:54 IST" name="beforeMethod" finished-at="2025-01-21T18:32:54 IST" duration-ms="1" status="PASS">
          <reporter-output>
          </reporter-output>
        </test-method> <!-- beforeMethod -->
        <test-method signature="testCase3()[pri:3, instance:runner_Execution.Exceution@79079097]" started-at="2025-01-21T18:32:54 IST" name="testCase3" finished-at="2025-01-21T18:33:04 IST" duration-ms="9524" status="PASS">
          <reporter-output>
          </reporter-output>
        </test-method> <!-- testCase3 -->
        <test-method is-config="true" signature="afterMethod()[pri:0, instance:runner_Execution.Exceution@79079097]" started-at="2025-01-21T18:33:04 IST" name="afterMethod" finished-at="2025-01-21T18:33:04 IST" duration-ms="1" status="PASS">
          <reporter-output>
          </reporter-output>
        </test-method> <!-- afterMethod -->
        <test-method is-config="true" signature="beforeMethod()[pri:0, instance:runner_Execution.Exceution@79079097]" started-at="2025-01-21T18:33:05 IST" name="beforeMethod" finished-at="2025-01-21T18:33:05 IST" duration-ms="0" status="PASS">
          <reporter-output>
          </reporter-output>
        </test-method> <!-- beforeMethod -->
        <test-method signature="testCase5(java.lang.Object,java.lang.Object,java.lang.Object,java.lang.Object,java.lang.Object,java.lang.Object,java.lang.Object,java.lang.Object,java.lang.Object,java.lang.Object,java.lang.Object,java.lang.Object)[pri:5, instance:runner_Execution.Exceution@79079097]" started-at="2025-01-21T18:33:05 IST" name="testCase5" data-provider="excel" finished-at="2025-01-21T18:33:40 IST" duration-ms="35792" status="PASS">
          <params>
            <param index="0">
              <value>
                <![CDATA[21202105005]]>
              </value>
            </param>
            <param index="1">
              <value>
                <![CDATA[Nov-24]]>
              </value>
            </param>
            <param index="2">
              <value>
                <![CDATA[MDS NEW]]>
              </value>
            </param>
            <param index="3">
              <value>
                <![CDATA[PART-II]]>
              </value>
            </param>
            <param index="4">
              <value>
                <![CDATA[2018]]>
              </value>
            </param>
            <param index="5">
              <value>
                <![CDATA[Regular]]>
              </value>
            </param>
            <param index="6">
              <value>
                <![CDATA[54]]>
              </value>
            </param>
            <param index="7">
              <value>
                <![CDATA[58]]>
              </value>
            </param>
            <param index="8">
              <value>
                <![CDATA[62]]>
              </value>
            </param>
            <param index="9">
              <value>
                <![CDATA[174]]>
              </value>
            </param>
            <param index="10">
              <value>
                <![CDATA[200]]>
              </value>
            </param>
            <param index="11">
              <value>
                <![CDATA[374]]>
              </value>
            </param>
          </params>
          <reporter-output>
          </reporter-output>
        </test-method> <!-- testCase5 -->
        <test-method is-config="true" signature="afterMethod()[pri:0, instance:runner_Execution.Exceution@79079097]" started-at="2025-01-21T18:33:40 IST" name="afterMethod" finished-at="2025-01-21T18:33:40 IST" duration-ms="2" status="PASS">
          <reporter-output>
          </reporter-output>
        </test-method> <!-- afterMethod -->
        <test-method is-config="true" signature="beforeMethod()[pri:0, instance:runner_Execution.Exceution@79079097]" started-at="2025-01-21T18:33:40 IST" name="beforeMethod" finished-at="2025-01-21T18:33:40 IST" duration-ms="0" status="PASS">
          <reporter-output>
          </reporter-output>
        </test-method> <!-- beforeMethod -->
        <test-method signature="testCase5(java.lang.Object,java.lang.Object,java.lang.Object,java.lang.Object,java.lang.Object,java.lang.Object,java.lang.Object,java.lang.Object,java.lang.Object,java.lang.Object,java.lang.Object,java.lang.Object)[pri:5, instance:runner_Execution.Exceution@79079097]" started-at="2025-01-21T18:33:40 IST" name="testCase5" data-provider="excel" finished-at="2025-01-21T18:34:16 IST" duration-ms="35311" status="PASS">
          <params>
            <param index="0">
              <value>
                <![CDATA[20205103002]]>
              </value>
            </param>
            <param index="1">
              <value>
                <![CDATA[Nov-24]]>
              </value>
            </param>
            <param index="2">
              <value>
                <![CDATA[MDS NEW]]>
              </value>
            </param>
            <param index="3">
              <value>
                <![CDATA[PART-II]]>
              </value>
            </param>
            <param index="4">
              <value>
                <![CDATA[2018]]>
              </value>
            </param>
            <param index="5">
              <value>
                <![CDATA[Supplementary]]>
              </value>
            </param>
            <param index="6">
              <value>
                <![CDATA[34]]>
              </value>
            </param>
            <param index="7">
              <value>
                <![CDATA[37]]>
              </value>
            </param>
            <param index="8">
              <value>
                <![CDATA[36]]>
              </value>
            </param>
            <param index="9">
              <value>
                <![CDATA[107]]>
              </value>
            </param>
            <param index="10">
              <value>
                <![CDATA[150]]>
              </value>
            </param>
            <param index="11">
              <value>
                <![CDATA[257]]>
              </value>
            </param>
          </params>
          <reporter-output>
          </reporter-output>
        </test-method> <!-- testCase5 -->
        <test-method is-config="true" signature="afterMethod()[pri:0, instance:runner_Execution.Exceution@79079097]" started-at="2025-01-21T18:34:16 IST" name="afterMethod" finished-at="2025-01-21T18:34:16 IST" duration-ms="1" status="PASS">
          <reporter-output>
          </reporter-output>
        </test-method> <!-- afterMethod -->
        <test-method is-config="true" signature="beforeMethod()[pri:0, instance:runner_Execution.Exceution@79079097]" started-at="2025-01-21T18:34:16 IST" name="beforeMethod" finished-at="2025-01-21T18:34:16 IST" duration-ms="2" status="PASS">
          <reporter-output>
          </reporter-output>
        </test-method> <!-- beforeMethod -->
        <test-method signature="testCase5(java.lang.Object,java.lang.Object,java.lang.Object,java.lang.Object,java.lang.Object,java.lang.Object,java.lang.Object,java.lang.Object,java.lang.Object,java.lang.Object,java.lang.Object,java.lang.Object)[pri:5, instance:runner_Execution.Exceution@79079097]" started-at="2025-01-21T18:34:16 IST" name="testCase5" data-provider="excel" finished-at="2025-01-21T18:34:51 IST" duration-ms="35055" status="PASS">
          <params>
            <param index="0">
              <value>
                <![CDATA[21202100003]]>
              </value>
            </param>
            <param index="1">
              <value>
                <![CDATA[Nov-24]]>
              </value>
            </param>
            <param index="2">
              <value>
                <![CDATA[MDS NEW]]>
              </value>
            </param>
            <param index="3">
              <value>
                <![CDATA[PART-II]]>
              </value>
            </param>
            <param index="4">
              <value>
                <![CDATA[2018]]>
              </value>
            </param>
            <param index="5">
              <value>
                <![CDATA[Regular]]>
              </value>
            </param>
            <param index="6">
              <value>
                <![CDATA[52]]>
              </value>
            </param>
            <param index="7">
              <value>
                <![CDATA[59]]>
              </value>
            </param>
            <param index="8">
              <value>
                <![CDATA[60]]>
              </value>
            </param>
            <param index="9">
              <value>
                <![CDATA[171]]>
              </value>
            </param>
            <param index="10">
              <value>
                <![CDATA[260]]>
              </value>
            </param>
            <param index="11">
              <value>
                <![CDATA[431]]>
              </value>
            </param>
          </params>
          <reporter-output>
          </reporter-output>
        </test-method> <!-- testCase5 -->
        <test-method is-config="true" signature="afterMethod()[pri:0, instance:runner_Execution.Exceution@79079097]" started-at="2025-01-21T18:34:51 IST" name="afterMethod" finished-at="2025-01-21T18:34:51 IST" duration-ms="1" status="PASS">
          <reporter-output>
          </reporter-output>
        </test-method> <!-- afterMethod -->
        <test-method is-config="true" signature="beforeMethod()[pri:0, instance:runner_Execution.Exceution@79079097]" started-at="2025-01-21T18:34:51 IST" name="beforeMethod" finished-at="2025-01-21T18:34:51 IST" duration-ms="1" status="PASS">
          <reporter-output>
          </reporter-output>
        </test-method> <!-- beforeMethod -->
        <test-method signature="testCase5(java.lang.Object,java.lang.Object,java.lang.Object,java.lang.Object,java.lang.Object,java.lang.Object,java.lang.Object,java.lang.Object,java.lang.Object,java.lang.Object,java.lang.Object,java.lang.Object)[pri:5, instance:runner_Execution.Exceution@79079097]" started-at="2025-01-21T18:34:51 IST" name="testCase5" data-provider="excel" finished-at="2025-01-21T18:35:26 IST" duration-ms="34704" status="PASS">
          <params>
            <param index="0">
              <value>
                <![CDATA[21207103001]]>
              </value>
            </param>
            <param index="1">
              <value>
                <![CDATA[Nov-24]]>
              </value>
            </param>
            <param index="2">
              <value>
                <![CDATA[MDS NEW]]>
              </value>
            </param>
            <param index="3">
              <value>
                <![CDATA[PART-II]]>
              </value>
            </param>
            <param index="4">
              <value>
                <![CDATA[2018]]>
              </value>
            </param>
            <param index="5">
              <value>
                <![CDATA[Regular]]>
              </value>
            </param>
            <param index="6">
              <value>
                <![CDATA[53]]>
              </value>
            </param>
            <param index="7">
              <value>
                <![CDATA[58]]>
              </value>
            </param>
            <param index="8">
              <value>
                <![CDATA[55]]>
              </value>
            </param>
            <param index="9">
              <value>
                <![CDATA[166]]>
              </value>
            </param>
            <param index="10">
              <value>
                <![CDATA[169]]>
              </value>
            </param>
            <param index="11">
              <value>
                <![CDATA[335]]>
              </value>
            </param>
          </params>
          <reporter-output>
          </reporter-output>
        </test-method> <!-- testCase5 -->
        <test-method is-config="true" signature="afterMethod()[pri:0, instance:runner_Execution.Exceution@79079097]" started-at="2025-01-21T18:35:26 IST" name="afterMethod" finished-at="2025-01-21T18:35:26 IST" duration-ms="1" status="PASS">
          <reporter-output>
          </reporter-output>
        </test-method> <!-- afterMethod -->
        <test-method is-config="true" signature="beforeMethod()[pri:0, instance:runner_Execution.Exceution@79079097]" started-at="2025-01-21T18:35:26 IST" name="beforeMethod" finished-at="2025-01-21T18:35:26 IST" duration-ms="1" status="PASS">
          <reporter-output>
          </reporter-output>
        </test-method> <!-- beforeMethod -->
        <test-method signature="testCase5(java.lang.Object,java.lang.Object,java.lang.Object,java.lang.Object,java.lang.Object,java.lang.Object,java.lang.Object,java.lang.Object,java.lang.Object,java.lang.Object,java.lang.Object,java.lang.Object)[pri:5, instance:runner_Execution.Exceution@79079097]" started-at="2025-01-21T18:35:26 IST" name="testCase5" data-provider="excel" finished-at="2025-01-21T18:36:00 IST" duration-ms="34470" status="PASS">
          <params>
            <param index="0">
              <value>
                <![CDATA[21200100003]]>
              </value>
            </param>
            <param index="1">
              <value>
                <![CDATA[Nov-24]]>
              </value>
            </param>
            <param index="2">
              <value>
                <![CDATA[MDS NEW]]>
              </value>
            </param>
            <param index="3">
              <value>
                <![CDATA[PART-II]]>
              </value>
            </param>
            <param index="4">
              <value>
                <![CDATA[2018]]>
              </value>
            </param>
            <param index="5">
              <value>
                <![CDATA[Regular]]>
              </value>
            </param>
            <param index="6">
              <value>
                <![CDATA[58]]>
              </value>
            </param>
            <param index="7">
              <value>
                <![CDATA[65]]>
              </value>
            </param>
            <param index="8">
              <value>
                <![CDATA[64]]>
              </value>
            </param>
            <param index="9">
              <value>
                <![CDATA[187]]>
              </value>
            </param>
            <param index="10">
              <value>
                <![CDATA[225]]>
              </value>
            </param>
            <param index="11">
              <value>
                <![CDATA[412]]>
              </value>
            </param>
          </params>
          <reporter-output>
          </reporter-output>
        </test-method> <!-- testCase5 -->
        <test-method is-config="true" signature="afterMethod()[pri:0, instance:runner_Execution.Exceution@79079097]" started-at="2025-01-21T18:36:00 IST" name="afterMethod" finished-at="2025-01-21T18:36:00 IST" duration-ms="2" status="PASS">
          <reporter-output>
          </reporter-output>
        </test-method> <!-- afterMethod -->
        <test-method is-config="true" signature="afterClass()[pri:0, instance:runner_Execution.Exceution@79079097]" started-at="2025-01-21T18:36:00 IST" name="afterClass" finished-at="2025-01-21T18:36:00 IST" duration-ms="1" status="PASS">
          <reporter-output>
          </reporter-output>
        </test-method> <!-- afterClass -->
        <test-method is-config="true" signature="afterTest()[pri:0, instance:runner_Execution.Exceution@79079097]" started-at="2025-01-21T18:36:00 IST" name="afterTest" finished-at="2025-01-21T18:36:00 IST" duration-ms="1" status="PASS">
          <reporter-output>
          </reporter-output>
        </test-method> <!-- afterTest -->
        <test-method is-config="true" signature="afterSuite()[pri:0, instance:runner_Execution.Exceution@79079097]" started-at="2025-01-21T18:36:00 IST" name="afterSuite" finished-at="2025-01-21T18:36:00 IST" duration-ms="1" status="PASS">
          <reporter-output>
          </reporter-output>
        </test-method> <!-- afterSuite -->
      </class> <!-- runner_Execution.Exceution -->
    </test> <!-- Default test -->
  </suite> <!-- Default suite -->
</testng-results>
