<?xml version="1.0" encoding="UTF-8"?>
<!-- Generated by org.testng.reporters.JUnitXMLReporter -->
<testsuite ignored="0" hostname="DESKTOP-QRJIP05" failures="0" tests="9" name="Surefire test" time="173.147" errors="0" timestamp="2025-01-06T16:45:21 IST">
  <testcase classname="runner_Execution.Exceution" name="testCase1" time="8.097"/>
  <testcase classname="runner_Execution.Exceution" name="testCase2" time="3.045"/>
  <testcase classname="runner_Execution.Exceution" name="testCase3" time="16.81"/>
  <testcase classname="runner_Execution.Exceution" name="testCase3" time="16.442"/>
  <testcase classname="runner_Execution.Exceution" name="testCase4" time="22.932"/>
  <testcase classname="runner_Execution.Exceution" name="testCase4" time="23.019"/>
  <testcase classname="runner_Execution.Exceution" name="testCase4" time="22.995"/>
  <testcase classname="runner_Execution.Exceution" name="testCase4" time="23.07"/>
  <testcase classname="runner_Execution.Exceution" name="testCase4" time="23.253"/>
</testsuite> <!-- Surefire test -->
